<?xml version="1.0" encoding="UTF-8"?>
<!-- Generated by org.testng.reporters.JUnitReportReporter -->
<testsuite skipped="0" hostname="DESKTOP-R29U501" name="TestcaseScript.Groups" tests="2" failures="0" timestamp="09 Jul 2020 12:03:22 GMT" time="0.021" errors="0">
  <testcase name="compose" time="0.016" classname="TestcaseScript.Groups"/>
  <testcase name="sentitems" time="0.005" classname="TestcaseScript.Groups"/>
</testsuite> <!-- TestcaseScript.Groups -->
